Using pre-set license
Built from '2021.3/staging' branch; Version is '2021.3.5f1 (40eb3a945986) revision 4254522'; Using compiler version '192829333'; Build Type 'Release'
OS: 'Windows 10  (10.0.19044) 64bit Professional' Language: 'es' Physical Memory: 24364 MB
BatchMode: 1, IsHumanControllingUs: 0, StartBugReporterOnCrash: 0, Is64bit: 1, IsPro: 1

COMMAND LINE ARGUMENTS:
D:\Unity\2021.3.5f1\Editor\Unity.exe
-adb2
-batchMode
-noUpm
-name
AssetImportWorker2
-projectPath
C:/Users/lykai/Documents/GitHub/coder-pfinal
-logFile
Logs/AssetImportWorker2.log
-srvPort
50097
Successfully changed project path to: C:/Users/lykai/Documents/GitHub/coder-pfinal
C:/Users/lykai/Documents/GitHub/coder-pfinal
[UnityMemory] Configuration Parameters - Can be set up in boot.config
    "memorysetup-bucket-allocator-granularity=16"
    "memorysetup-bucket-allocator-bucket-count=8"
    "memorysetup-bucket-allocator-block-size=33554432"
    "memorysetup-bucket-allocator-block-count=8"
    "memorysetup-main-allocator-block-size=16777216"
    "memorysetup-thread-allocator-block-size=16777216"
    "memorysetup-gfx-main-allocator-block-size=16777216"
    "memorysetup-gfx-thread-allocator-block-size=16777216"
    "memorysetup-cache-allocator-block-size=4194304"
    "memorysetup-typetree-allocator-block-size=2097152"
    "memorysetup-profiler-bucket-allocator-granularity=16"
    "memorysetup-profiler-bucket-allocator-bucket-count=8"
    "memorysetup-profiler-bucket-allocator-block-size=33554432"
    "memorysetup-profiler-bucket-allocator-block-count=8"
    "memorysetup-profiler-allocator-block-size=16777216"
    "memorysetup-profiler-editor-allocator-block-size=1048576"
    "memorysetup-temp-allocator-size-main=16777216"
    "memorysetup-job-temp-allocator-block-size=2097152"
    "memorysetup-job-temp-allocator-block-size-background=1048576"
    "memorysetup-job-temp-allocator-reduction-small-platforms=262144"
    "memorysetup-temp-allocator-size-background-worker=32768"
    "memorysetup-temp-allocator-size-job-worker=262144"
    "memorysetup-temp-allocator-size-preload-manager=33554432"
    "memorysetup-temp-allocator-size-nav-mesh-worker=65536"
    "memorysetup-temp-allocator-size-audio-worker=65536"
    "memorysetup-temp-allocator-size-cloud-worker=32768"
    "memorysetup-temp-allocator-size-gi-baking-worker=262144"
    "memorysetup-temp-allocator-size-gfx=262144"
Refreshing native plugins compatible for Editor in 74.23 ms, found 3 plugins.
Preloading 0 native plugins for Editor in 0.00 ms.
Initialize engine version: 2021.3.5f1 (40eb3a945986)
[Subsystems] Discovering subsystems at path D:/Unity/2021.3.5f1/Editor/Data/Resources/UnitySubsystems
[Subsystems] Discovering subsystems at path C:/Users/lykai/Documents/GitHub/coder-pfinal/Assets
GfxDevice: creating device client; threaded=0; jobified=0
Direct3D:
    Version:  Direct3D 11.0 [level 11.1]
    Renderer: AMD Radeon(TM) Graphics (ID=0x1638)
    Vendor:   ATI
    VRAM:     12182 MB
    Driver:   31.0.12019.5007
Initialize mono
Mono path[0] = 'D:/Unity/2021.3.5f1/Editor/Data/Managed'
Mono path[1] = 'D:/Unity/2021.3.5f1/Editor/Data/MonoBleedingEdge/lib/mono/unityjit-win32'
Mono config path = 'D:/Unity/2021.3.5f1/Editor/Data/MonoBleedingEdge/etc'
Using monoOptions --debugger-agent=transport=dt_socket,embedding=1,server=y,suspend=n,address=127.0.0.1:56868
Begin MonoManager ReloadAssembly
Registering precompiled unity dll's ...
Register platform support module: D:/Unity/2021.3.5f1/Editor/Data/PlaybackEngines/WebGLSupport/UnityEditor.WebGL.Extensions.dll
Register platform support module: D:/Unity/2021.3.5f1/Editor/Data/PlaybackEngines/WindowsStandaloneSupport/UnityEditor.WindowsStandalone.Extensions.dll
Registered in 0.002848 seconds.
Native extension for WindowsStandalone target not found
Native extension for WebGL target not found
Refreshing native plugins compatible for Editor in 75.70 ms, found 3 plugins.
Preloading 0 native plugins for Editor in 0.00 ms.
Mono: successfully reloaded assembly
- Completed reload, in  0.523 seconds
Domain Reload Profiling:
	ReloadAssembly (524ms)
		BeginReloadAssembly (54ms)
			ExecutionOrderSort (0ms)
			DisableScriptedObjects (0ms)
			BackupInstance (0ms)
			ReleaseScriptingObjects (0ms)
			CreateAndSetChildDomain (1ms)
		EndReloadAssembly (388ms)
			LoadAssemblies (53ms)
			RebuildTransferFunctionScriptingTraits (0ms)
			SetupTypeCache (82ms)
			ReleaseScriptCaches (0ms)
			RebuildScriptCaches (24ms)
			SetupLoadedEditorAssemblies (237ms)
				LogAssemblyErrors (0ms)
				InitializePlatformSupportModulesInManaged (7ms)
				SetLoadedEditorAssemblies (0ms)
				RefreshPlugins (76ms)
				BeforeProcessingInitializeOnLoad (1ms)
				ProcessInitializeOnLoadAttributes (110ms)
				ProcessInitializeOnLoadMethodAttributes (43ms)
				AfterProcessingInitializeOnLoad (0ms)
				EditorAssembliesLoaded (0ms)
			ExecutionOrderSort2 (0ms)
			AwakeInstancesAfterBackupRestoration (0ms)
Platform modules already initialized, skipping
Registering precompiled user dll's ...
Registered in 0.012217 seconds.
Begin MonoManager ReloadAssembly
Symbol file LoadedFromMemory doesn't match image C:\Users\lykai\Documents\GitHub\coder-pfinal\Library\PackageCache\com.unity.visualscripting@1.7.8\Editor\VisualScripting.Core\Dependencies\YamlDotNet\Unity.VisualScripting.YamlDotNet.dll
Symbol file LoadedFromMemory doesn't match image C:\Users\lykai\Documents\GitHub\coder-pfinal\Library\PackageCache\com.unity.visualscripting@1.7.8\Editor\VisualScripting.Core\Dependencies\DotNetZip\Unity.VisualScripting.IonicZip.dll
Native extension for WindowsStandalone target not found
Native extension for WebGL target not found
Refreshing native plugins compatible for Editor in 0.72 ms, found 3 plugins.
Preloading 0 native plugins for Editor in 0.00 ms.
Mono: successfully reloaded assembly
- Completed reload, in  0.902 seconds
Domain Reload Profiling:
	ReloadAssembly (903ms)
		BeginReloadAssembly (90ms)
			ExecutionOrderSort (0ms)
			DisableScriptedObjects (5ms)
			BackupInstance (0ms)
			ReleaseScriptingObjects (0ms)
			CreateAndSetChildDomain (20ms)
		EndReloadAssembly (718ms)
			LoadAssemblies (81ms)
			RebuildTransferFunctionScriptingTraits (0ms)
			SetupTypeCache (207ms)
			ReleaseScriptCaches (1ms)
			RebuildScriptCaches (45ms)
			SetupLoadedEditorAssemblies (341ms)
				LogAssemblyErrors (0ms)
				InitializePlatformSupportModulesInManaged (4ms)
				SetLoadedEditorAssemblies (0ms)
				RefreshPlugins (1ms)
				BeforeProcessingInitializeOnLoad (92ms)
				ProcessInitializeOnLoadAttributes (216ms)
				ProcessInitializeOnLoadMethodAttributes (25ms)
				AfterProcessingInitializeOnLoad (2ms)
				EditorAssembliesLoaded (0ms)
			ExecutionOrderSort2 (0ms)
			AwakeInstancesAfterBackupRestoration (5ms)
Platform modules already initialized, skipping
========================================================================
Worker process is ready to serve import requests
Launched and connected shader compiler UnityShaderCompiler.exe after 0.14 seconds
Refreshing native plugins compatible for Editor in 0.68 ms, found 3 plugins.
Preloading 0 native plugins for Editor in 0.00 ms.
Unloading 3537 Unused Serialized files (Serialized files now loaded: 0)
Unloading 41 unused Assets / (183.0 KB). Loaded Objects now: 4015.
Memory consumption went from 136.1 MB to 135.9 MB.
Total: 3.383800 ms (FindLiveObjects: 0.332100 ms CreateObjectMapping: 0.102600 ms MarkObjects: 2.776900 ms  DeleteObjects: 0.170800 ms)

AssetImportParameters requested are different than current active one (requested -> active):
  custom:video-decoder-ogg-theora: a1e56fd34408186e4bbccfd4996cb3dc -> 
  custom:container-muxer-webm: aa71ff27fc2769a1b78a27578f13a17b -> 
  custom:container-demuxer-webm: 4f35f7cbe854078d1ac9338744f61a02 -> 
  custom:video-encoder-webm-vp8: eb34c28f22e8b96e1ab97ce403110664 -> 
  custom:audio-encoder-webm-vorbis: bf7c407c2cedff20999df2af8eb42d56 -> 
  custom:framework-win-MediaFoundation: 216162199b28c13a410421893ffa2e32 -> 
  custom:container-demuxer-ogg: 62fdf1f143b41e24485cea50d1cbac27 -> 
  custom:video-decoder-webm-vp8: 9c59270c3fd7afecdb556c50c9e8de78 -> 
  custom:audio-decoder-ogg-vorbis: bf7c407c2cedff20999df2af8eb42d56 -> 
========================================================================
Received Import Request.
  Time since last request: 434322.682032 seconds.
  path: Assets/Materials/Pasto/Texture maps
  artifactKey: Guid(a32587406521b354cbb329dae97245fc) Importer(815301076,1909f56bfc062723c751e8b465ee728b)
Start importing Assets/Materials/Pasto/Texture maps using Guid(a32587406521b354cbb329dae97245fc) Importer(815301076,1909f56bfc062723c751e8b465ee728b)  -> (artifact id: '2ccb26016bc0e1f6df43d9305d990766') in 0.016781 seconds 
========================================================================
Received Import Request.
  Time since last request: 0.023374 seconds.
  path: Assets/Materials/Pasto/Texture maps/Grass_.jpg
  artifactKey: Guid(792fe649cc8946146a85abfdd2d27bfe) Importer(815301076,1909f56bfc062723c751e8b465ee728b)
Start importing Assets/Materials/Pasto/Texture maps/Grass_.jpg using Guid(792fe649cc8946146a85abfdd2d27bfe) Importer(815301076,1909f56bfc062723c751e8b465ee728b)  -> (artifact id: '2276b316a600370d5fe73d326e914841') in 0.117252 seconds 
========================================================================
Received Import Request.
  Time since last request: 33.837020 seconds.
  path: Assets/New Terrain.asset
  artifactKey: Guid(bbf7a150fefc0ab428c5d3b5cf7a8701) Importer(815301076,1909f56bfc062723c751e8b465ee728b)
Start importing Assets/New Terrain.asset using Guid(bbf7a150fefc0ab428c5d3b5cf7a8701) Importer(815301076,1909f56bfc062723c751e8b465ee728b)  -> (artifact id: 'bdf9537e07a62cae1228442ce4596d00') in 0.016460 seconds 
========================================================================
Received Import Request.
  Time since last request: 68.518288 seconds.
  path: Assets/Prefabs/Mapas/TerrenoInicio.prefab
  artifactKey: Guid(236dd56fbb9519e41aaab7e53f49bfc0) Importer(815301076,1909f56bfc062723c751e8b465ee728b)
Start importing Assets/Prefabs/Mapas/TerrenoInicio.prefab using Guid(236dd56fbb9519e41aaab7e53f49bfc0) Importer(815301076,1909f56bfc062723c751e8b465ee728b)  -> (artifact id: 'ae4428808185f3e38a79a3ff74c184c5') in 0.014278 seconds 
========================================================================
Received Import Request.
  Time since last request: 6.888382 seconds.
  path: Assets/TerrainData_dbb98522-a44f-4790-bfef-e2a190c97fa2.asset
  artifactKey: Guid(e47d4b535bdfcd441b8f0ec9f37ffb1e) Importer(815301076,1909f56bfc062723c751e8b465ee728b)
Start importing Assets/TerrainData_dbb98522-a44f-4790-bfef-e2a190c97fa2.asset using Guid(e47d4b535bdfcd441b8f0ec9f37ffb1e) Importer(815301076,1909f56bfc062723c751e8b465ee728b)  -> (artifact id: '4c3ead0b1eeb5bcdf87b0baffa336276') in 0.011031 seconds 
========================================================================
Received Import Request.
  Time since last request: 2.317698 seconds.
  path: Assets/Materials/textures
  artifactKey: Guid(8b8c591e8749e164b9bd6274c979897c) Importer(815301076,1909f56bfc062723c751e8b465ee728b)
Start importing Assets/Materials/textures using Guid(8b8c591e8749e164b9bd6274c979897c) Importer(815301076,1909f56bfc062723c751e8b465ee728b)  -> (artifact id: '3289ea3faf46278a373d1a9d241eb039') in 0.007877 seconds 
========================================================================
Received Import Request.
  Time since last request: 50.842258 seconds.
  path: Assets/Materials/textures/Skel_clothing01_Diffuse.PSD
  artifactKey: Guid(239c6a930ccb7ea4193dea242a5886e4) Importer(815301076,1909f56bfc062723c751e8b465ee728b)
Start importing Assets/Materials/textures/Skel_clothing01_Diffuse.PSD using Guid(239c6a930ccb7ea4193dea242a5886e4) Importer(815301076,1909f56bfc062723c751e8b465ee728b)  -> (artifact id: '16179b876253e4aa4ebd908ca013da6b') in 0.019804 seconds 
========================================================================
Received Import Request.
  Time since last request: 0.000021 seconds.
  path: Assets/Materials/textures/ShaderMapClothes.PSD
  artifactKey: Guid(b27dfda6e4b0a354d9efd41ecab546b7) Importer(815301076,1909f56bfc062723c751e8b465ee728b)
Start importing Assets/Materials/textures/ShaderMapClothes.PSD using Guid(b27dfda6e4b0a354d9efd41ecab546b7) Importer(815301076,1909f56bfc062723c751e8b465ee728b)  -> (artifact id: '535e5d812e7cd84aee65943ce1cea13c') in 0.013855 seconds 
========================================================================
Received Import Request.
  Time since last request: 0.331713 seconds.
  path: Assets/Materials/textures/ShaderMapBones.PSD
  artifactKey: Guid(1c84a868f4f2fa741965293c4cb9ba02) Importer(815301076,1909f56bfc062723c751e8b465ee728b)
Start importing Assets/Materials/textures/ShaderMapBones.PSD using Guid(1c84a868f4f2fa741965293c4cb9ba02) Importer(815301076,1909f56bfc062723c751e8b465ee728b)  -> (artifact id: '9fda441c29068413c1b65ca65af2caba') in 0.037271 seconds 
========================================================================
Received Import Request.
  Time since last request: 0.000037 seconds.
  path: Assets/Materials/textures/Skel_Normal.PSD
  artifactKey: Guid(3f1e9a88a058c514ca5767bcd9d13185) Importer(815301076,1909f56bfc062723c751e8b465ee728b)
Start importing Assets/Materials/textures/Skel_Normal.PSD using Guid(3f1e9a88a058c514ca5767bcd9d13185) Importer(815301076,1909f56bfc062723c751e8b465ee728b)  -> (artifact id: '9d1e3ad59cd9ed73f26f1836504decde') in 0.044936 seconds 
Editor requested this worker to shutdown with reason: Scaling down because of idle timeout
AssetImportWorker is now disconnected from the server
Process exiting
Exiting without the bug reporter. Application will terminate with return code 0