Using pre-set license
Built from '2021.3/staging' branch; Version is '2021.3.5f1 (40eb3a945986) revision 4254522'; Using compiler version '192829333'; Build Type 'Release'
OS: 'Windows 10  (10.0.19044) 64bit Professional' Language: 'es' Physical Memory: 24364 MB
BatchMode: 1, IsHumanControllingUs: 0, StartBugReporterOnCrash: 0, Is64bit: 1, IsPro: 1

COMMAND LINE ARGUMENTS:
D:\Unity\2021.3.5f1\Editor\Unity.exe
-adb2
-batchMode
-noUpm
-name
AssetImportWorker0
-projectPath
C:/Users/lykai/Documents/GitHub/coder-pfinal
-logFile
Logs/AssetImportWorker0.log
-srvPort
64334
Successfully changed project path to: C:/Users/lykai/Documents/GitHub/coder-pfinal
C:/Users/lykai/Documents/GitHub/coder-pfinal
[UnityMemory] Configuration Parameters - Can be set up in boot.config
    "memorysetup-bucket-allocator-granularity=16"
    "memorysetup-bucket-allocator-bucket-count=8"
    "memorysetup-bucket-allocator-block-size=33554432"
    "memorysetup-bucket-allocator-block-count=8"
    "memorysetup-main-allocator-block-size=16777216"
    "memorysetup-thread-allocator-block-size=16777216"
    "memorysetup-gfx-main-allocator-block-size=16777216"
    "memorysetup-gfx-thread-allocator-block-size=16777216"
    "memorysetup-cache-allocator-block-size=4194304"
    "memorysetup-typetree-allocator-block-size=2097152"
    "memorysetup-profiler-bucket-allocator-granularity=16"
    "memorysetup-profiler-bucket-allocator-bucket-count=8"
    "memorysetup-profiler-bucket-allocator-block-size=33554432"
    "memorysetup-profiler-bucket-allocator-block-count=8"
    "memorysetup-profiler-allocator-block-size=16777216"
    "memorysetup-profiler-editor-allocator-block-size=1048576"
    "memorysetup-temp-allocator-size-main=16777216"
    "memorysetup-job-temp-allocator-block-size=2097152"
    "memorysetup-job-temp-allocator-block-size-background=1048576"
    "memorysetup-job-temp-allocator-reduction-small-platforms=262144"
    "memorysetup-temp-allocator-size-background-worker=32768"
    "memorysetup-temp-allocator-size-job-worker=262144"
    "memorysetup-temp-allocator-size-preload-manager=33554432"
    "memorysetup-temp-allocator-size-nav-mesh-worker=65536"
    "memorysetup-temp-allocator-size-audio-worker=65536"
    "memorysetup-temp-allocator-size-cloud-worker=32768"
    "memorysetup-temp-allocator-size-gi-baking-worker=262144"
    "memorysetup-temp-allocator-size-gfx=262144"
Refreshing native plugins compatible for Editor in 86.35 ms, found 3 plugins.
Preloading 0 native plugins for Editor in 0.00 ms.
Initialize engine version: 2021.3.5f1 (40eb3a945986)
[Subsystems] Discovering subsystems at path D:/Unity/2021.3.5f1/Editor/Data/Resources/UnitySubsystems
[Subsystems] Discovering subsystems at path C:/Users/lykai/Documents/GitHub/coder-pfinal/Assets
GfxDevice: creating device client; threaded=0; jobified=0
Direct3D:
    Version:  Direct3D 11.0 [level 11.1]
    Renderer: AMD Radeon(TM) Graphics (ID=0x1638)
    Vendor:   ATI
    VRAM:     12182 MB
    Driver:   31.0.12019.5007
Initialize mono
Mono path[0] = 'D:/Unity/2021.3.5f1/Editor/Data/Managed'
Mono path[1] = 'D:/Unity/2021.3.5f1/Editor/Data/MonoBleedingEdge/lib/mono/unityjit-win32'
Mono config path = 'D:/Unity/2021.3.5f1/Editor/Data/MonoBleedingEdge/etc'
Using monoOptions --debugger-agent=transport=dt_socket,embedding=1,server=y,suspend=n,address=127.0.0.1:56072
Begin MonoManager ReloadAssembly
Registering precompiled unity dll's ...
Register platform support module: D:/Unity/2021.3.5f1/Editor/Data/PlaybackEngines/WebGLSupport/UnityEditor.WebGL.Extensions.dll
Register platform support module: D:/Unity/2021.3.5f1/Editor/Data/PlaybackEngines/WindowsStandaloneSupport/UnityEditor.WindowsStandalone.Extensions.dll
Registered in 0.002869 seconds.
Native extension for WindowsStandalone target not found
Native extension for WebGL target not found
Refreshing native plugins compatible for Editor in 66.59 ms, found 3 plugins.
Preloading 0 native plugins for Editor in 0.00 ms.
Mono: successfully reloaded assembly
- Completed reload, in  0.517 seconds
Domain Reload Profiling:
	ReloadAssembly (517ms)
		BeginReloadAssembly (58ms)
			ExecutionOrderSort (0ms)
			DisableScriptedObjects (0ms)
			BackupInstance (0ms)
			ReleaseScriptingObjects (0ms)
			CreateAndSetChildDomain (1ms)
		EndReloadAssembly (373ms)
			LoadAssemblies (58ms)
			RebuildTransferFunctionScriptingTraits (0ms)
			SetupTypeCache (85ms)
			ReleaseScriptCaches (0ms)
			RebuildScriptCaches (23ms)
			SetupLoadedEditorAssemblies (220ms)
				LogAssemblyErrors (0ms)
				InitializePlatformSupportModulesInManaged (6ms)
				SetLoadedEditorAssemblies (0ms)
				RefreshPlugins (67ms)
				BeforeProcessingInitializeOnLoad (1ms)
				ProcessInitializeOnLoadAttributes (107ms)
				ProcessInitializeOnLoadMethodAttributes (40ms)
				AfterProcessingInitializeOnLoad (0ms)
				EditorAssembliesLoaded (0ms)
			ExecutionOrderSort2 (0ms)
			AwakeInstancesAfterBackupRestoration (0ms)
Platform modules already initialized, skipping
Registering precompiled user dll's ...
Registered in 0.012422 seconds.
Begin MonoManager ReloadAssembly
Symbol file LoadedFromMemory doesn't match image C:\Users\lykai\Documents\GitHub\coder-pfinal\Library\PackageCache\com.unity.visualscripting@1.7.8\Editor\VisualScripting.Core\Dependencies\YamlDotNet\Unity.VisualScripting.YamlDotNet.dll
Symbol file LoadedFromMemory doesn't match image C:\Users\lykai\Documents\GitHub\coder-pfinal\Library\PackageCache\com.unity.visualscripting@1.7.8\Editor\VisualScripting.Core\Dependencies\DotNetZip\Unity.VisualScripting.IonicZip.dll
Native extension for WindowsStandalone target not found
Native extension for WebGL target not found
Refreshing native plugins compatible for Editor in 0.72 ms, found 3 plugins.
Preloading 0 native plugins for Editor in 0.00 ms.
Mono: successfully reloaded assembly
- Completed reload, in  0.972 seconds
Domain Reload Profiling:
	ReloadAssembly (973ms)
		BeginReloadAssembly (94ms)
			ExecutionOrderSort (0ms)
			DisableScriptedObjects (7ms)
			BackupInstance (0ms)
			ReleaseScriptingObjects (0ms)
			CreateAndSetChildDomain (19ms)
		EndReloadAssembly (773ms)
			LoadAssemblies (91ms)
			RebuildTransferFunctionScriptingTraits (0ms)
			SetupTypeCache (231ms)
			ReleaseScriptCaches (1ms)
			RebuildScriptCaches (48ms)
			SetupLoadedEditorAssemblies (365ms)
				LogAssemblyErrors (0ms)
				InitializePlatformSupportModulesInManaged (4ms)
				SetLoadedEditorAssemblies (0ms)
				RefreshPlugins (1ms)
				BeforeProcessingInitializeOnLoad (96ms)
				ProcessInitializeOnLoadAttributes (237ms)
				ProcessInitializeOnLoadMethodAttributes (24ms)
				AfterProcessingInitializeOnLoad (3ms)
				EditorAssembliesLoaded (0ms)
			ExecutionOrderSort2 (0ms)
			AwakeInstancesAfterBackupRestoration (4ms)
Platform modules already initialized, skipping
========================================================================
Worker process is ready to serve import requests
Launched and connected shader compiler UnityShaderCompiler.exe after 0.19 seconds
Refreshing native plugins compatible for Editor in 0.91 ms, found 3 plugins.
Preloading 0 native plugins for Editor in 0.00 ms.
Unloading 3556 Unused Serialized files (Serialized files now loaded: 0)
Unloading 41 unused Assets / (184.5 KB). Loaded Objects now: 4043.
Memory consumption went from 141.5 MB to 141.4 MB.
Total: 4.341200 ms (FindLiveObjects: 0.391100 ms CreateObjectMapping: 0.162000 ms MarkObjects: 3.566600 ms  DeleteObjects: 0.219600 ms)

AssetImportParameters requested are different than current active one (requested -> active):
  custom:video-decoder-ogg-theora: a1e56fd34408186e4bbccfd4996cb3dc -> 
  custom:container-muxer-webm: aa71ff27fc2769a1b78a27578f13a17b -> 
  custom:container-demuxer-webm: 4f35f7cbe854078d1ac9338744f61a02 -> 
  custom:video-encoder-webm-vp8: eb34c28f22e8b96e1ab97ce403110664 -> 
  custom:audio-encoder-webm-vorbis: bf7c407c2cedff20999df2af8eb42d56 -> 
  custom:framework-win-MediaFoundation: 216162199b28c13a410421893ffa2e32 -> 
  custom:container-demuxer-ogg: 62fdf1f143b41e24485cea50d1cbac27 -> 
  custom:video-decoder-webm-vp8: 9c59270c3fd7afecdb556c50c9e8de78 -> 
  custom:audio-decoder-ogg-vorbis: bf7c407c2cedff20999df2af8eb42d56 -> 
========================================================================
Received Import Request.
  Time since last request: 355863.957980 seconds.
  path: Assets/Scenes/Inicio.unity
  artifactKey: Guid(e182e5a54aa09064dbeecf5db64b0bf7) Importer(815301076,1909f56bfc062723c751e8b465ee728b)
Start importing Assets/Scenes/Inicio.unity using Guid(e182e5a54aa09064dbeecf5db64b0bf7) Importer(815301076,1909f56bfc062723c751e8b465ee728b)  -> (artifact id: 'c955150bca08e60641def79a6132500f') in 0.017447 seconds 
========================================================================
Received Prepare
Registering precompiled user dll's ...
Registered in 0.011082 seconds.
Begin MonoManager ReloadAssembly
Symbol file LoadedFromMemory doesn't match image C:\Users\lykai\Documents\GitHub\coder-pfinal\Library\PackageCache\com.unity.visualscripting@1.7.8\Editor\VisualScripting.Core\Dependencies\YamlDotNet\Unity.VisualScripting.YamlDotNet.dll
Symbol file LoadedFromMemory doesn't match image C:\Users\lykai\Documents\GitHub\coder-pfinal\Library\PackageCache\com.unity.visualscripting@1.7.8\Editor\VisualScripting.Core\Dependencies\DotNetZip\Unity.VisualScripting.IonicZip.dll
Native extension for WindowsStandalone target not found
Native extension for WebGL target not found
Refreshing native plugins compatible for Editor in 1.63 ms, found 3 plugins.
Preloading 0 native plugins for Editor in 0.00 ms.
Mono: successfully reloaded assembly
- Completed reload, in  1.171 seconds
Domain Reload Profiling:
	ReloadAssembly (1171ms)
		BeginReloadAssembly (169ms)
			ExecutionOrderSort (0ms)
			DisableScriptedObjects (5ms)
			BackupInstance (0ms)
			ReleaseScriptingObjects (0ms)
			CreateAndSetChildDomain (62ms)
		EndReloadAssembly (895ms)
			LoadAssemblies (121ms)
			RebuildTransferFunctionScriptingTraits (0ms)
			SetupTypeCache (295ms)
			ReleaseScriptCaches (2ms)
			RebuildScriptCaches (51ms)
			SetupLoadedEditorAssemblies (382ms)
				LogAssemblyErrors (0ms)
				InitializePlatformSupportModulesInManaged (16ms)
				SetLoadedEditorAssemblies (1ms)
				RefreshPlugins (2ms)
				BeforeProcessingInitializeOnLoad (89ms)
				ProcessInitializeOnLoadAttributes (236ms)
				ProcessInitializeOnLoadMethodAttributes (35ms)
				AfterProcessingInitializeOnLoad (3ms)
				EditorAssembliesLoaded (0ms)
			ExecutionOrderSort2 (0ms)
			AwakeInstancesAfterBackupRestoration (6ms)
Platform modules already initialized, skipping
Refreshing native plugins compatible for Editor in 4.02 ms, found 3 plugins.
Preloading 0 native plugins for Editor in 0.00 ms.
Unloading 3537 Unused Serialized files (Serialized files now loaded: 0)
Unloading 22 unused Assets / (153.6 KB). Loaded Objects now: 4058.
Memory consumption went from 140.0 MB to 139.9 MB.
Total: 5.725400 ms (FindLiveObjects: 0.620400 ms CreateObjectMapping: 0.416400 ms MarkObjects: 4.352000 ms  DeleteObjects: 0.334800 ms)

AssetImportParameters requested are different than current active one (requested -> active):
  custom:video-decoder-ogg-theora: a1e56fd34408186e4bbccfd4996cb3dc -> 
  custom:container-muxer-webm: aa71ff27fc2769a1b78a27578f13a17b -> 
  custom:container-demuxer-webm: 4f35f7cbe854078d1ac9338744f61a02 -> 
  custom:video-encoder-webm-vp8: eb34c28f22e8b96e1ab97ce403110664 -> 
  custom:audio-encoder-webm-vorbis: bf7c407c2cedff20999df2af8eb42d56 -> 
  custom:framework-win-MediaFoundation: 216162199b28c13a410421893ffa2e32 -> 
  custom:container-demuxer-ogg: 62fdf1f143b41e24485cea50d1cbac27 -> 
  custom:video-decoder-webm-vp8: 9c59270c3fd7afecdb556c50c9e8de78 -> 
  custom:audio-decoder-ogg-vorbis: bf7c407c2cedff20999df2af8eb42d56 -> 
========================================================================
Received Import Request.
  Time since last request: 133.750680 seconds.
  path: Assets/Scenes/Cueva2.unity
  artifactKey: Guid(b15e6f8cf16fdbd40be5ef6ab604173f) Importer(815301076,1909f56bfc062723c751e8b465ee728b)
Start importing Assets/Scenes/Cueva2.unity using Guid(b15e6f8cf16fdbd40be5ef6ab604173f) Importer(815301076,1909f56bfc062723c751e8b465ee728b)  -> (artifact id: '7a5f69db9d92cabcfb569f3c894ba0c6') in 0.015865 seconds 
========================================================================
Received Import Request.
  Time since last request: 16.258976 seconds.
  path: Assets/Scenes/Cueva.unity
  artifactKey: Guid(b15e6f8cf16fdbd40be5ef6ab604173f) Importer(815301076,1909f56bfc062723c751e8b465ee728b)
Start importing Assets/Scenes/Cueva.unity using Guid(b15e6f8cf16fdbd40be5ef6ab604173f) Importer(815301076,1909f56bfc062723c751e8b465ee728b)  -> (artifact id: '0d0b508c11c8dea11fbfa7008342b252') in 0.005652 seconds 
========================================================================
Received Import Request.
  Time since last request: 299.252612 seconds.
  path: Assets/Prefabs/Player/ShieldPlayer.prefab
  artifactKey: Guid(3e368e5486697c244885c2081b445d85) Importer(815301076,1909f56bfc062723c751e8b465ee728b)
Start importing Assets/Prefabs/Player/ShieldPlayer.prefab using Guid(3e368e5486697c244885c2081b445d85) Importer(815301076,1909f56bfc062723c751e8b465ee728b)  -> (artifact id: 'f3e3e2017c5fa4389aee95268d0294f5') in 0.152136 seconds 
========================================================================
Received Import Request.
  Time since last request: 7.625053 seconds.
  path: Assets/Prefabs/Armas
  artifactKey: Guid(9bc5ff99827e37c4d926ecb2603f544c) Importer(815301076,1909f56bfc062723c751e8b465ee728b)
Start importing Assets/Prefabs/Armas using Guid(9bc5ff99827e37c4d926ecb2603f544c) Importer(815301076,1909f56bfc062723c751e8b465ee728b)  -> (artifact id: 'f0d07a346ecb0ea1819ca9d6f194fc00') in 0.006048 seconds 
========================================================================
Received Import Request.
  Time since last request: 233.785099 seconds.
  path: Assets/Prefabs/Enemy/Esqueleto.prefab
  artifactKey: Guid(1bfce631e96cfbe4092a192cbb14fe8d) Importer(815301076,1909f56bfc062723c751e8b465ee728b)
Start importing Assets/Prefabs/Enemy/Esqueleto.prefab using Guid(1bfce631e96cfbe4092a192cbb14fe8d) Importer(815301076,1909f56bfc062723c751e8b465ee728b)  -> (artifact id: 'ef07381e6772f6f51063d7ec486ba084') in 0.092365 seconds 
========================================================================
Received Import Request.
  Time since last request: 23.372639 seconds.
  path: Assets/Scripts/WeaponManager.cs
  artifactKey: Guid(d77b8d5dc7d5a8740aebd9939fac3ef1) Importer(815301076,1909f56bfc062723c751e8b465ee728b)
Start importing Assets/Scripts/WeaponManager.cs using Guid(d77b8d5dc7d5a8740aebd9939fac3ef1) Importer(815301076,1909f56bfc062723c751e8b465ee728b)  -> (artifact id: 'de18f8bcd284a31bf6cac1a40d3c3bf1') in 0.017272 seconds 
========================================================================
Received Prepare
Registering precompiled user dll's ...
Registered in 0.015042 seconds.
Begin MonoManager ReloadAssembly
Symbol file LoadedFromMemory doesn't match image C:\Users\lykai\Documents\GitHub\coder-pfinal\Library\PackageCache\com.unity.visualscripting@1.7.8\Editor\VisualScripting.Core\Dependencies\YamlDotNet\Unity.VisualScripting.YamlDotNet.dll
Symbol file LoadedFromMemory doesn't match image C:\Users\lykai\Documents\GitHub\coder-pfinal\Library\PackageCache\com.unity.visualscripting@1.7.8\Editor\VisualScripting.Core\Dependencies\DotNetZip\Unity.VisualScripting.IonicZip.dll
Native extension for WindowsStandalone target not found
Native extension for WebGL target not found
Refreshing native plugins compatible for Editor in 0.81 ms, found 3 plugins.
Preloading 0 native plugins for Editor in 0.00 ms.
Mono: successfully reloaded assembly
- Completed reload, in  1.183 seconds
Domain Reload Profiling:
	ReloadAssembly (1184ms)
		BeginReloadAssembly (203ms)
			ExecutionOrderSort (0ms)
			DisableScriptedObjects (6ms)
			BackupInstance (0ms)
			ReleaseScriptingObjects (0ms)
			CreateAndSetChildDomain (58ms)
		EndReloadAssembly (845ms)
			LoadAssemblies (113ms)
			RebuildTransferFunctionScriptingTraits (0ms)
			SetupTypeCache (308ms)
			ReleaseScriptCaches (1ms)
			RebuildScriptCaches (48ms)
			SetupLoadedEditorAssemblies (338ms)
				LogAssemblyErrors (0ms)
				InitializePlatformSupportModulesInManaged (14ms)
				SetLoadedEditorAssemblies (0ms)
				RefreshPlugins (1ms)
				BeforeProcessingInitializeOnLoad (80ms)
				ProcessInitializeOnLoadAttributes (208ms)
				ProcessInitializeOnLoadMethodAttributes (32ms)
				AfterProcessingInitializeOnLoad (3ms)
				EditorAssembliesLoaded (0ms)
			ExecutionOrderSort2 (0ms)
			AwakeInstancesAfterBackupRestoration (6ms)
Platform modules already initialized, skipping
Refreshing native plugins compatible for Editor in 5.41 ms, found 3 plugins.
Preloading 0 native plugins for Editor in 0.00 ms.
Unloading 3538 Unused Serialized files (Serialized files now loaded: 0)
Unloading 22 unused Assets / (153.6 KB). Loaded Objects now: 4081.
Memory consumption went from 157.1 MB to 156.9 MB.
Total: 3.669400 ms (FindLiveObjects: 0.263800 ms CreateObjectMapping: 0.096100 ms MarkObjects: 3.152700 ms  DeleteObjects: 0.155400 ms)

AssetImportParameters requested are different than current active one (requested -> active):
  custom:video-decoder-ogg-theora: a1e56fd34408186e4bbccfd4996cb3dc -> 
  custom:container-muxer-webm: aa71ff27fc2769a1b78a27578f13a17b -> 
  custom:container-demuxer-webm: 4f35f7cbe854078d1ac9338744f61a02 -> 
  custom:video-encoder-webm-vp8: eb34c28f22e8b96e1ab97ce403110664 -> 
  custom:audio-encoder-webm-vorbis: bf7c407c2cedff20999df2af8eb42d56 -> 
  custom:framework-win-MediaFoundation: 216162199b28c13a410421893ffa2e32 -> 
  custom:container-demuxer-ogg: 62fdf1f143b41e24485cea50d1cbac27 -> 
  custom:video-decoder-webm-vp8: 9c59270c3fd7afecdb556c50c9e8de78 -> 
  custom:audio-decoder-ogg-vorbis: bf7c407c2cedff20999df2af8eb42d56 -> 
========================================================================
Received Import Request.
  Time since last request: 530.012342 seconds.
  path: Assets/Scripts/Player/PlayerMov.cs
  artifactKey: Guid(4d924770b34068b4f84049d31c73146f) Importer(815301076,1909f56bfc062723c751e8b465ee728b)
Start importing Assets/Scripts/Player/PlayerMov.cs using Guid(4d924770b34068b4f84049d31c73146f) Importer(815301076,1909f56bfc062723c751e8b465ee728b)  -> (artifact id: 'bab190fc7c016226e0b4a592873d8a58') in 0.015418 seconds 
========================================================================
Received Import Request.
  Time since last request: 969.962504 seconds.
  path: Assets/Scripts/Player/PlayerMov.cs
  artifactKey: Guid(4d924770b34068b4f84049d31c73146f) Importer(815301076,1909f56bfc062723c751e8b465ee728b)
Start importing Assets/Scripts/Player/PlayerMov.cs using Guid(4d924770b34068b4f84049d31c73146f) Importer(815301076,1909f56bfc062723c751e8b465ee728b)  -> (artifact id: 'cbe9c03325b1c74731f9915302e01a99') in 0.006463 seconds 
========================================================================
Received Import Request.
  Time since last request: 407.752991 seconds.
  path: Assets/Scripts/WeaponManager.cs
  artifactKey: Guid(d77b8d5dc7d5a8740aebd9939fac3ef1) Importer(815301076,1909f56bfc062723c751e8b465ee728b)
Start importing Assets/Scripts/WeaponManager.cs using Guid(d77b8d5dc7d5a8740aebd9939fac3ef1) Importer(815301076,1909f56bfc062723c751e8b465ee728b)  -> (artifact id: 'de971c8ba038f5292f02788178b97cc7') in 0.007696 seconds 
========================================================================
Received Import Request.
  Time since last request: 9.888973 seconds.
  path: Assets/Scripts/WeaponsManager.cs
  artifactKey: Guid(f3327060ee0d5e8499a3a3b52c656476) Importer(815301076,1909f56bfc062723c751e8b465ee728b)
Start importing Assets/Scripts/WeaponsManager.cs using Guid(f3327060ee0d5e8499a3a3b52c656476) Importer(815301076,1909f56bfc062723c751e8b465ee728b)  -> (artifact id: 'f235d40596956524b49c623c98faf9a3') in 0.007762 seconds 
========================================================================
Received Import Request.
  Time since last request: 172.119363 seconds.
  path: Assets/Scripts/WeaponsManager.cs
  artifactKey: Guid(f3327060ee0d5e8499a3a3b52c656476) Importer(815301076,1909f56bfc062723c751e8b465ee728b)
Start importing Assets/Scripts/WeaponsManager.cs using Guid(f3327060ee0d5e8499a3a3b52c656476) Importer(815301076,1909f56bfc062723c751e8b465ee728b)  -> (artifact id: 'b3823727ebfa32beb2f2c2108e305d71') in 0.003885 seconds 
========================================================================
Received Import Request.
  Time since last request: 18.206326 seconds.
  path: Assets/Scripts/WeaponsManager.cs
  artifactKey: Guid(f3327060ee0d5e8499a3a3b52c656476) Importer(815301076,1909f56bfc062723c751e8b465ee728b)
Start importing Assets/Scripts/WeaponsManager.cs using Guid(f3327060ee0d5e8499a3a3b52c656476) Importer(815301076,1909f56bfc062723c751e8b465ee728b)  -> (artifact id: 'ca41d598b75b121fe478102737b9a18e') in 0.003037 seconds 
========================================================================
Received Prepare
Registering precompiled user dll's ...
Registered in 0.014614 seconds.
Begin MonoManager ReloadAssembly
Symbol file LoadedFromMemory doesn't match image C:\Users\lykai\Documents\GitHub\coder-pfinal\Library\PackageCache\com.unity.visualscripting@1.7.8\Editor\VisualScripting.Core\Dependencies\YamlDotNet\Unity.VisualScripting.YamlDotNet.dll
Symbol file LoadedFromMemory doesn't match image C:\Users\lykai\Documents\GitHub\coder-pfinal\Library\PackageCache\com.unity.visualscripting@1.7.8\Editor\VisualScripting.Core\Dependencies\DotNetZip\Unity.VisualScripting.IonicZip.dll
Native extension for WindowsStandalone target not found
Native extension for WebGL target not found
Refreshing native plugins compatible for Editor in 0.95 ms, found 3 plugins.
Preloading 0 native plugins for Editor in 0.00 ms.
Mono: successfully reloaded assembly
- Completed reload, in  1.062 seconds
Domain Reload Profiling:
	ReloadAssembly (1062ms)
		BeginReloadAssembly (163ms)
			ExecutionOrderSort (0ms)
			DisableScriptedObjects (5ms)
			BackupInstance (0ms)
			ReleaseScriptingObjects (0ms)
			CreateAndSetChildDomain (59ms)
		EndReloadAssembly (800ms)
			LoadAssemblies (104ms)
			RebuildTransferFunctionScriptingTraits (0ms)
			SetupTypeCache (243ms)
			ReleaseScriptCaches (1ms)
			RebuildScriptCaches (43ms)
			SetupLoadedEditorAssemblies (370ms)
				LogAssemblyErrors (0ms)
				InitializePlatformSupportModulesInManaged (14ms)
				SetLoadedEditorAssemblies (1ms)
				RefreshPlugins (1ms)
				BeforeProcessingInitializeOnLoad (92ms)
				ProcessInitializeOnLoadAttributes (230ms)
				ProcessInitializeOnLoadMethodAttributes (28ms)
				AfterProcessingInitializeOnLoad (5ms)
				EditorAssembliesLoaded (0ms)
			ExecutionOrderSort2 (0ms)
			AwakeInstancesAfterBackupRestoration (5ms)
Platform modules already initialized, skipping
Refreshing native plugins compatible for Editor in 3.25 ms, found 3 plugins.
Preloading 0 native plugins for Editor in 0.00 ms.
Unloading 3538 Unused Serialized files (Serialized files now loaded: 0)
Unloading 23 unused Assets / (153.5 KB). Loaded Objects now: 4096.
Memory consumption went from 157.1 MB to 156.9 MB.
Total: 4.511900 ms (FindLiveObjects: 0.322000 ms CreateObjectMapping: 0.263900 ms MarkObjects: 3.736400 ms  DeleteObjects: 0.187400 ms)

AssetImportParameters requested are different than current active one (requested -> active):
  custom:video-decoder-ogg-theora: a1e56fd34408186e4bbccfd4996cb3dc -> 
  custom:container-muxer-webm: aa71ff27fc2769a1b78a27578f13a17b -> 
  custom:container-demuxer-webm: 4f35f7cbe854078d1ac9338744f61a02 -> 
  custom:video-encoder-webm-vp8: eb34c28f22e8b96e1ab97ce403110664 -> 
  custom:audio-encoder-webm-vorbis: bf7c407c2cedff20999df2af8eb42d56 -> 
  custom:framework-win-MediaFoundation: 216162199b28c13a410421893ffa2e32 -> 
  custom:container-demuxer-ogg: 62fdf1f143b41e24485cea50d1cbac27 -> 
  custom:video-decoder-webm-vp8: 9c59270c3fd7afecdb556c50c9e8de78 -> 
  custom:audio-decoder-ogg-vorbis: bf7c407c2cedff20999df2af8eb42d56 -> 
========================================================================
Received Import Request.
  Time since last request: 794.227255 seconds.
  path: Assets/Prefabs/Player/Player.prefab
  artifactKey: Guid(6df953197600e12439fb126fbd43a077) Importer(815301076,1909f56bfc062723c751e8b465ee728b)
Start importing Assets/Prefabs/Player/Player.prefab using Guid(6df953197600e12439fb126fbd43a077) Importer(815301076,1909f56bfc062723c751e8b465ee728b)  -> (artifact id: '0657be23ac0f181b909cd0416a7959ab') in 0.272590 seconds 
========================================================================
Received Import Request.
  Time since last request: 56.176901 seconds.
  path: Assets/Prefabs/Player/Player.prefab
  artifactKey: Guid(6df953197600e12439fb126fbd43a077) Importer(815301076,1909f56bfc062723c751e8b465ee728b)
Start importing Assets/Prefabs/Player/Player.prefab using Guid(6df953197600e12439fb126fbd43a077) Importer(815301076,1909f56bfc062723c751e8b465ee728b)  -> (artifact id: 'dd33314e3e5a2348ed19eec613d243ee') in 0.051790 seconds 
========================================================================
Received Import Request.
  Time since last request: 0.707597 seconds.
  path: Assets/Prefabs/Player/Player.prefab
  artifactKey: Guid(6df953197600e12439fb126fbd43a077) Importer(815301076,1909f56bfc062723c751e8b465ee728b)
Start importing Assets/Prefabs/Player/Player.prefab using Guid(6df953197600e12439fb126fbd43a077) Importer(815301076,1909f56bfc062723c751e8b465ee728b)  -> (artifact id: '82f083865ceddd19f3eaac14bba4df5e') in 0.052394 seconds 
========================================================================
Received Import Request.
  Time since last request: 3.602127 seconds.
  path: Assets/Prefabs/Player/Player.prefab
  artifactKey: Guid(6df953197600e12439fb126fbd43a077) Importer(815301076,1909f56bfc062723c751e8b465ee728b)
Start importing Assets/Prefabs/Player/Player.prefab using Guid(6df953197600e12439fb126fbd43a077) Importer(815301076,1909f56bfc062723c751e8b465ee728b)  -> (artifact id: '109892b198420152e7025ae9f0b7975b') in 0.055205 seconds 
========================================================================
Received Import Request.
  Time since last request: 4.776568 seconds.
  path: Assets/Prefabs/Player/Player.prefab
  artifactKey: Guid(6df953197600e12439fb126fbd43a077) Importer(815301076,1909f56bfc062723c751e8b465ee728b)
Start importing Assets/Prefabs/Player/Player.prefab using Guid(6df953197600e12439fb126fbd43a077) Importer(815301076,1909f56bfc062723c751e8b465ee728b)  -> (artifact id: '2d1ee0256a45987881323417c100e056') in 0.052936 seconds 
========================================================================
Received Import Request.
  Time since last request: 88.003430 seconds.
  path: Assets/Prefabs/Player/Player.prefab
  artifactKey: Guid(6df953197600e12439fb126fbd43a077) Importer(815301076,1909f56bfc062723c751e8b465ee728b)
Start importing Assets/Prefabs/Player/Player.prefab using Guid(6df953197600e12439fb126fbd43a077) Importer(815301076,1909f56bfc062723c751e8b465ee728b)  -> (artifact id: 'bf09dcfa757d211d538d0422d4365e81') in 0.036626 seconds 
========================================================================
Received Import Request.
  Time since last request: 478.331222 seconds.
  path: Assets/Scenes/SampleScene.unity
  artifactKey: Guid(9fc0d4010bbf28b4594072e72b8655ab) Importer(815301076,1909f56bfc062723c751e8b465ee728b)
Start importing Assets/Scenes/SampleScene.unity using Guid(9fc0d4010bbf28b4594072e72b8655ab) Importer(815301076,1909f56bfc062723c751e8b465ee728b)  -> (artifact id: '66bf288ad18cbc8ac65e0465f94a911e') in 0.010976 seconds 
========================================================================
Received Import Request.
  Time since last request: 12.629143 seconds.
  path: Packages/com.unity.cinemachine
  artifactKey: Guid(c19eb9a4b328654bd4ca551e1c34b76c) Importer(815301076,1909f56bfc062723c751e8b465ee728b)
Start importing Packages/com.unity.cinemachine using Guid(c19eb9a4b328654bd4ca551e1c34b76c) Importer(815301076,1909f56bfc062723c751e8b465ee728b)  -> (artifact id: 'ae0c01ca6decfd412f72067d6860d3a1') in 0.008419 seconds 
========================================================================
Received Import Request.
  Time since last request: 70.904849 seconds.
  path: Assets/Prefabs/textures/thatch_with_opacity
  artifactKey: Guid(198a05a7cd877da47953e0fa587c219c) Importer(815301076,1909f56bfc062723c751e8b465ee728b)
Start importing Assets/Prefabs/textures/thatch_with_opacity using Guid(198a05a7cd877da47953e0fa587c219c) Importer(815301076,1909f56bfc062723c751e8b465ee728b)  -> (artifact id: '235860b7716aa7750048645b592afcf4') in 0.008398 seconds 
========================================================================
Received Import Request.
  Time since last request: 1.056067 seconds.
  path: Assets/Prefabs/textures/thatch_with_opacity/thatch_opacity_mask.png
  artifactKey: Guid(dba6ec389078f9e469e3454fe7b9a36e) Importer(815301076,1909f56bfc062723c751e8b465ee728b)
Start importing Assets/Prefabs/textures/thatch_with_opacity/thatch_opacity_mask.png using Guid(dba6ec389078f9e469e3454fe7b9a36e) Importer(815301076,1909f56bfc062723c751e8b465ee728b)  -> (artifact id: '9ecd1fa1a15360002b8115b5ab2d39a7') in 0.090027 seconds 
========================================================================
Received Import Request.
  Time since last request: 11.227604 seconds.
  path: Assets/Prefabs/Enemy/Elven Long Bow/Elven Long Bow Arrow.obj
  artifactKey: Guid(432dd2b7c2581c744a40ca43b1307c17) Importer(815301076,1909f56bfc062723c751e8b465ee728b)
Start importing Assets/Prefabs/Enemy/Elven Long Bow/Elven Long Bow Arrow.obj using Guid(432dd2b7c2581c744a40ca43b1307c17) Importer(815301076,1909f56bfc062723c751e8b465ee728b)  -> (artifact id: '580a5ecbd66f55c7345f8d26e2a999ee') in 0.101511 seconds 
========================================================================
Received Import Request.
  Time since last request: 91.404298 seconds.
  path: Assets/Prefabs/Armas/Elven Long Bow/Textures
  artifactKey: Guid(930b04a5551ca7c4a8bec3d27240b6f1) Importer(815301076,1909f56bfc062723c751e8b465ee728b)
Start importing Assets/Prefabs/Armas/Elven Long Bow/Textures using Guid(930b04a5551ca7c4a8bec3d27240b6f1) Importer(815301076,1909f56bfc062723c751e8b465ee728b)  -> (artifact id: '52f2128bb053c2d6774d2cc38de82b47') in 0.008757 seconds 
========================================================================
Received Import Request.
  Time since last request: 0.976548 seconds.
  path: Assets/Prefabs/Armas/Elven Long Bow/Materials
  artifactKey: Guid(c77125cb2990f13438f8295272a4e964) Importer(815301076,1909f56bfc062723c751e8b465ee728b)
Start importing Assets/Prefabs/Armas/Elven Long Bow/Materials using Guid(c77125cb2990f13438f8295272a4e964) Importer(815301076,1909f56bfc062723c751e8b465ee728b)  -> (artifact id: '1d5bbf52b627894bae61308eb083e671') in 0.007773 seconds 
========================================================================
Received Import Request.
  Time since last request: 0.572991 seconds.
  path: Assets/Prefabs/Armas/Elven Long Bow/Textures/Elven Long Bow Diffuse.png
  artifactKey: Guid(9016de7c0db7965479435bae356efd30) Importer(815301076,1909f56bfc062723c751e8b465ee728b)
Start importing Assets/Prefabs/Armas/Elven Long Bow/Textures/Elven Long Bow Diffuse.png using Guid(9016de7c0db7965479435bae356efd30) Importer(815301076,1909f56bfc062723c751e8b465ee728b)  -> (artifact id: 'a110d224cb7f6aba9ad152781288d8f6') in 0.117576 seconds 
========================================================================
Received Import Request.
  Time since last request: 0.000067 seconds.
  path: Assets/Prefabs/Armas/Elven Long Bow/Textures/Elven Long Bow Normal.png
  artifactKey: Guid(a52c5439c81b0ca47b58c03ca7369618) Importer(815301076,1909f56bfc062723c751e8b465ee728b)
Start importing Assets/Prefabs/Armas/Elven Long Bow/Textures/Elven Long Bow Normal.png using Guid(a52c5439c81b0ca47b58c03ca7369618) Importer(815301076,1909f56bfc062723c751e8b465ee728b)  -> (artifact id: '29353d045fbb3ae0f4954f77c1faed86') in 0.159360 seconds 
