Using pre-set license
Built from '2021.3/staging' branch; Version is '2021.3.5f1 (40eb3a945986) revision 4254522'; Using compiler version '192829333'; Build Type 'Release'
OS: 'Windows 10  (10.0.19044) 64bit Professional' Language: 'es' Physical Memory: 24364 MB
BatchMode: 1, IsHumanControllingUs: 0, StartBugReporterOnCrash: 0, Is64bit: 1, IsPro: 1

COMMAND LINE ARGUMENTS:
D:\Unity\2021.3.5f1\Editor\Unity.exe
-adb2
-batchMode
-noUpm
-name
AssetImportWorker0
-projectPath
C:/Users/lykai/Documents/GitHub/coder-pfinal
-logFile
Logs/AssetImportWorker0.log
-srvPort
55439
Successfully changed project path to: C:/Users/lykai/Documents/GitHub/coder-pfinal
C:/Users/lykai/Documents/GitHub/coder-pfinal
[UnityMemory] Configuration Parameters - Can be set up in boot.config
    "memorysetup-bucket-allocator-granularity=16"
    "memorysetup-bucket-allocator-bucket-count=8"
    "memorysetup-bucket-allocator-block-size=33554432"
    "memorysetup-bucket-allocator-block-count=8"
    "memorysetup-main-allocator-block-size=16777216"
    "memorysetup-thread-allocator-block-size=16777216"
    "memorysetup-gfx-main-allocator-block-size=16777216"
    "memorysetup-gfx-thread-allocator-block-size=16777216"
    "memorysetup-cache-allocator-block-size=4194304"
    "memorysetup-typetree-allocator-block-size=2097152"
    "memorysetup-profiler-bucket-allocator-granularity=16"
    "memorysetup-profiler-bucket-allocator-bucket-count=8"
    "memorysetup-profiler-bucket-allocator-block-size=33554432"
    "memorysetup-profiler-bucket-allocator-block-count=8"
    "memorysetup-profiler-allocator-block-size=16777216"
    "memorysetup-profiler-editor-allocator-block-size=1048576"
    "memorysetup-temp-allocator-size-main=16777216"
    "memorysetup-job-temp-allocator-block-size=2097152"
    "memorysetup-job-temp-allocator-block-size-background=1048576"
    "memorysetup-job-temp-allocator-reduction-small-platforms=262144"
    "memorysetup-temp-allocator-size-background-worker=32768"
    "memorysetup-temp-allocator-size-job-worker=262144"
    "memorysetup-temp-allocator-size-preload-manager=33554432"
    "memorysetup-temp-allocator-size-nav-mesh-worker=65536"
    "memorysetup-temp-allocator-size-audio-worker=65536"
    "memorysetup-temp-allocator-size-cloud-worker=32768"
    "memorysetup-temp-allocator-size-gi-baking-worker=262144"
    "memorysetup-temp-allocator-size-gfx=262144"
Refreshing native plugins compatible for Editor in 72.68 ms, found 3 plugins.
Preloading 0 native plugins for Editor in 0.00 ms.
Initialize engine version: 2021.3.5f1 (40eb3a945986)
[Subsystems] Discovering subsystems at path D:/Unity/2021.3.5f1/Editor/Data/Resources/UnitySubsystems
[Subsystems] Discovering subsystems at path C:/Users/lykai/Documents/GitHub/coder-pfinal/Assets
GfxDevice: creating device client; threaded=0; jobified=0
Direct3D:
    Version:  Direct3D 11.0 [level 11.1]
    Renderer: AMD Radeon(TM) Graphics (ID=0x1638)
    Vendor:   ATI
    VRAM:     12182 MB
    Driver:   31.0.12019.5007
Initialize mono
Mono path[0] = 'D:/Unity/2021.3.5f1/Editor/Data/Managed'
Mono path[1] = 'D:/Unity/2021.3.5f1/Editor/Data/MonoBleedingEdge/lib/mono/unityjit-win32'
Mono config path = 'D:/Unity/2021.3.5f1/Editor/Data/MonoBleedingEdge/etc'
Using monoOptions --debugger-agent=transport=dt_socket,embedding=1,server=y,suspend=n,address=127.0.0.1:56864
Begin MonoManager ReloadAssembly
Registering precompiled unity dll's ...
Register platform support module: D:/Unity/2021.3.5f1/Editor/Data/PlaybackEngines/WebGLSupport/UnityEditor.WebGL.Extensions.dll
Register platform support module: D:/Unity/2021.3.5f1/Editor/Data/PlaybackEngines/WindowsStandaloneSupport/UnityEditor.WindowsStandalone.Extensions.dll
Registered in 0.002590 seconds.
Native extension for WindowsStandalone target not found
Native extension for WebGL target not found
Refreshing native plugins compatible for Editor in 73.17 ms, found 3 plugins.
Preloading 0 native plugins for Editor in 0.00 ms.
Mono: successfully reloaded assembly
- Completed reload, in  0.477 seconds
Domain Reload Profiling:
	ReloadAssembly (477ms)
		BeginReloadAssembly (51ms)
			ExecutionOrderSort (0ms)
			DisableScriptedObjects (0ms)
			BackupInstance (0ms)
			ReleaseScriptingObjects (0ms)
			CreateAndSetChildDomain (1ms)
		EndReloadAssembly (351ms)
			LoadAssemblies (50ms)
			RebuildTransferFunctionScriptingTraits (0ms)
			SetupTypeCache (76ms)
			ReleaseScriptCaches (0ms)
			RebuildScriptCaches (20ms)
			SetupLoadedEditorAssemblies (214ms)
				LogAssemblyErrors (0ms)
				InitializePlatformSupportModulesInManaged (6ms)
				SetLoadedEditorAssemblies (0ms)
				RefreshPlugins (73ms)
				BeforeProcessingInitializeOnLoad (1ms)
				ProcessInitializeOnLoadAttributes (98ms)
				ProcessInitializeOnLoadMethodAttributes (35ms)
				AfterProcessingInitializeOnLoad (0ms)
				EditorAssembliesLoaded (0ms)
			ExecutionOrderSort2 (0ms)
			AwakeInstancesAfterBackupRestoration (0ms)
Platform modules already initialized, skipping
Registering precompiled user dll's ...
Registered in 0.011061 seconds.
Begin MonoManager ReloadAssembly
Symbol file LoadedFromMemory doesn't match image C:\Users\lykai\Documents\GitHub\coder-pfinal\Library\PackageCache\com.unity.visualscripting@1.7.8\Editor\VisualScripting.Core\Dependencies\YamlDotNet\Unity.VisualScripting.YamlDotNet.dll
Symbol file LoadedFromMemory doesn't match image C:\Users\lykai\Documents\GitHub\coder-pfinal\Library\PackageCache\com.unity.visualscripting@1.7.8\Editor\VisualScripting.Core\Dependencies\DotNetZip\Unity.VisualScripting.IonicZip.dll
Native extension for WindowsStandalone target not found
Native extension for WebGL target not found
Refreshing native plugins compatible for Editor in 0.69 ms, found 3 plugins.
Preloading 0 native plugins for Editor in 0.00 ms.
Mono: successfully reloaded assembly
- Completed reload, in  0.830 seconds
Domain Reload Profiling:
	ReloadAssembly (831ms)
		BeginReloadAssembly (83ms)
			ExecutionOrderSort (0ms)
			DisableScriptedObjects (4ms)
			BackupInstance (0ms)
			ReleaseScriptingObjects (0ms)
			CreateAndSetChildDomain (18ms)
		EndReloadAssembly (660ms)
			LoadAssemblies (73ms)
			RebuildTransferFunctionScriptingTraits (0ms)
			SetupTypeCache (191ms)
			ReleaseScriptCaches (1ms)
			RebuildScriptCaches (42ms)
			SetupLoadedEditorAssemblies (315ms)
				LogAssemblyErrors (0ms)
				InitializePlatformSupportModulesInManaged (4ms)
				SetLoadedEditorAssemblies (0ms)
				RefreshPlugins (1ms)
				BeforeProcessingInitializeOnLoad (86ms)
				ProcessInitializeOnLoadAttributes (200ms)
				ProcessInitializeOnLoadMethodAttributes (21ms)
				AfterProcessingInitializeOnLoad (2ms)
				EditorAssembliesLoaded (0ms)
			ExecutionOrderSort2 (0ms)
			AwakeInstancesAfterBackupRestoration (4ms)
Platform modules already initialized, skipping
========================================================================
Worker process is ready to serve import requests
Launched and connected shader compiler UnityShaderCompiler.exe after 0.13 seconds
Refreshing native plugins compatible for Editor in 0.69 ms, found 3 plugins.
Preloading 0 native plugins for Editor in 0.00 ms.
Unloading 3554 Unused Serialized files (Serialized files now loaded: 0)
Unloading 41 unused Assets / (184.5 KB). Loaded Objects now: 4041.
Memory consumption went from 141.5 MB to 141.3 MB.
Total: 3.080100 ms (FindLiveObjects: 0.257800 ms CreateObjectMapping: 0.178400 ms MarkObjects: 2.488000 ms  DeleteObjects: 0.155100 ms)

AssetImportParameters requested are different than current active one (requested -> active):
  custom:video-decoder-ogg-theora: a1e56fd34408186e4bbccfd4996cb3dc -> 
  custom:container-muxer-webm: aa71ff27fc2769a1b78a27578f13a17b -> 
  custom:container-demuxer-webm: 4f35f7cbe854078d1ac9338744f61a02 -> 
  custom:video-encoder-webm-vp8: eb34c28f22e8b96e1ab97ce403110664 -> 
  custom:audio-encoder-webm-vorbis: bf7c407c2cedff20999df2af8eb42d56 -> 
  custom:framework-win-MediaFoundation: 216162199b28c13a410421893ffa2e32 -> 
  custom:container-demuxer-ogg: 62fdf1f143b41e24485cea50d1cbac27 -> 
  custom:video-decoder-webm-vp8: 9c59270c3fd7afecdb556c50c9e8de78 -> 
  custom:audio-decoder-ogg-vorbis: bf7c407c2cedff20999df2af8eb42d56 -> 
========================================================================
Received Import Request.
  Time since last request: 210967.704784 seconds.
  path: Assets/Scenes/Cueva2.unity
  artifactKey: Guid(b15e6f8cf16fdbd40be5ef6ab604173f) Importer(815301076,1909f56bfc062723c751e8b465ee728b)
Start importing Assets/Scenes/Cueva2.unity using Guid(b15e6f8cf16fdbd40be5ef6ab604173f) Importer(815301076,1909f56bfc062723c751e8b465ee728b)  -> (artifact id: '694b20b5d70e85001ad6338c6655d9cc') in 0.011399 seconds 
========================================================================
Received Import Request.
  Time since last request: 258.262137 seconds.
  path: Assets/Prefabs/PropSkeleton
  artifactKey: Guid(6534a4d70ace6aa4889c4e5316307500) Importer(815301076,1909f56bfc062723c751e8b465ee728b)
Start importing Assets/Prefabs/PropSkeleton using Guid(6534a4d70ace6aa4889c4e5316307500) Importer(815301076,1909f56bfc062723c751e8b465ee728b)  -> (artifact id: '80f8a3fa933cc080970bb828d646cb2a') in 0.007032 seconds 
========================================================================
Received Import Request.
  Time since last request: 130.287344 seconds.
  path: Assets/Prefabs/Arquero
  artifactKey: Guid(8375a8209aadbcf4abee5b9c4bae9c33) Importer(815301076,1909f56bfc062723c751e8b465ee728b)
Start importing Assets/Prefabs/Arquero using Guid(8375a8209aadbcf4abee5b9c4bae9c33) Importer(815301076,1909f56bfc062723c751e8b465ee728b)  -> (artifact id: '70cc46476eebfaa33620ae55072303c0') in 0.006165 seconds 
========================================================================
Received Import Request.
  Time since last request: 0.074416 seconds.
  path: Assets/Prefabs/Arquero/Arco.fbx
  artifactKey: Guid(806810f1cb278e04bbc70cec8c36c49d) Importer(815301076,1909f56bfc062723c751e8b465ee728b)
Start importing Assets/Prefabs/Arquero/Arco.fbx using Guid(806810f1cb278e04bbc70cec8c36c49d) Importer(815301076,1909f56bfc062723c751e8b465ee728b)  -> (artifact id: '75839d03fd2baa2e31e12942432f214d') in 0.154239 seconds 
========================================================================
Received Import Request.
  Time since last request: 0.000029 seconds.
  path: Assets/Prefabs/Arquero/BowBox.fbx
  artifactKey: Guid(6f0d9580a15a5f940b4de51298185a7d) Importer(815301076,1909f56bfc062723c751e8b465ee728b)
Start importing Assets/Prefabs/Arquero/BowBox.fbx using Guid(6f0d9580a15a5f940b4de51298185a7d) Importer(815301076,1909f56bfc062723c751e8b465ee728b)  -> (artifact id: 'df09754a0c67682da2bf04cef54838c0') in 0.023231 seconds 
========================================================================
Received Import Request.
  Time since last request: 0.000047 seconds.
  path: Assets/Prefabs/Arquero/Flecha.fbx
  artifactKey: Guid(9b4273ff5c7bb5e4093327ab4dffa555) Importer(815301076,1909f56bfc062723c751e8b465ee728b)
Start importing Assets/Prefabs/Arquero/Flecha.fbx using Guid(9b4273ff5c7bb5e4093327ab4dffa555) Importer(815301076,1909f56bfc062723c751e8b465ee728b)  -> (artifact id: '565fb5c43fa6049375b79b9c8fc19523') in 0.040005 seconds 
========================================================================
Received Import Request.
  Time since last request: 149.783863 seconds.
  path: Assets/Prefabs/Arquero/textures
  artifactKey: Guid(80ab276317692ab42af686dbb963150d) Importer(815301076,1909f56bfc062723c751e8b465ee728b)
Start importing Assets/Prefabs/Arquero/textures using Guid(80ab276317692ab42af686dbb963150d) Importer(815301076,1909f56bfc062723c751e8b465ee728b)  -> (artifact id: '5699807e9c3d446b6096f64af7fe296e') in 0.006115 seconds 
========================================================================
Received Import Request.
  Time since last request: 2.450019 seconds.
  path: Assets/Prefabs/Arquero/textures/Character
  artifactKey: Guid(8affe1c1aaefcd74db80181083971bcf) Importer(815301076,1909f56bfc062723c751e8b465ee728b)
Start importing Assets/Prefabs/Arquero/textures/Character using Guid(8affe1c1aaefcd74db80181083971bcf) Importer(815301076,1909f56bfc062723c751e8b465ee728b)  -> (artifact id: 'ac55b9948f650205ea46a8198baa5584') in 0.005607 seconds 
========================================================================
Received Import Request.
  Time since last request: 0.073879 seconds.
  path: Assets/Prefabs/Arquero/textures/Character/brown_eye.png
  artifactKey: Guid(df2ae26691d66b7469a6ac8674dc93f4) Importer(815301076,1909f56bfc062723c751e8b465ee728b)
Start importing Assets/Prefabs/Arquero/textures/Character/brown_eye.png using Guid(df2ae26691d66b7469a6ac8674dc93f4) Importer(815301076,1909f56bfc062723c751e8b465ee728b)  -> (artifact id: '9cf259e4a0446e4c4bad1df5c394aa34') in 0.042136 seconds 
========================================================================
Received Import Request.
  Time since last request: 0.000037 seconds.
  path: Assets/Prefabs/Arquero/textures/Character/male_casualsuit02_Base_Color.png
  artifactKey: Guid(26730a5f0b821124d8558f4ba169255b) Importer(815301076,1909f56bfc062723c751e8b465ee728b)
Start importing Assets/Prefabs/Arquero/textures/Character/male_casualsuit02_Base_Color.png using Guid(26730a5f0b821124d8558f4ba169255b) Importer(815301076,1909f56bfc062723c751e8b465ee728b)  -> (artifact id: '5ffba2b52a9f9be93ff5e79f8f8c97ab') in 0.021222 seconds 
========================================================================
Received Import Request.
  Time since last request: 0.000023 seconds.
  path: Assets/Prefabs/Arquero/textures/Character/male_casualsuit02_Roughness.png
  artifactKey: Guid(cdc5a137234b57b4cb3ce6c18ed2c700) Importer(815301076,1909f56bfc062723c751e8b465ee728b)
Start importing Assets/Prefabs/Arquero/textures/Character/male_casualsuit02_Roughness.png using Guid(cdc5a137234b57b4cb3ce6c18ed2c700) Importer(815301076,1909f56bfc062723c751e8b465ee728b)  -> (artifact id: 'bfdc8c1ea9de192ef9974deda79850a9') in 0.023430 seconds 
========================================================================
Received Import Request.
  Time since last request: 0.000036 seconds.
  path: Assets/Prefabs/Arquero/textures/Character/male_casualsuit02_Normal_OpenGL.png
  artifactKey: Guid(14716ee7785843d419a25cb09d5dffb9) Importer(815301076,1909f56bfc062723c751e8b465ee728b)
Start importing Assets/Prefabs/Arquero/textures/Character/male_casualsuit02_Normal_OpenGL.png using Guid(14716ee7785843d419a25cb09d5dffb9) Importer(815301076,1909f56bfc062723c751e8b465ee728b)  -> (artifact id: '6bfff7ac120d83531739dcf000a809ea') in 0.013368 seconds 
========================================================================
Received Import Request.
  Time since last request: 0.000024 seconds.
  path: Assets/Prefabs/Arquero/textures/Character/Cloth1_Roughness.png
  artifactKey: Guid(8749bb4635df7a048b44709e16244e5e) Importer(815301076,1909f56bfc062723c751e8b465ee728b)
Start importing Assets/Prefabs/Arquero/textures/Character/Cloth1_Roughness.png using Guid(8749bb4635df7a048b44709e16244e5e) Importer(815301076,1909f56bfc062723c751e8b465ee728b)  -> (artifact id: '01049b0fee4b14ff689ae509b0b6f715') in 0.020435 seconds 
========================================================================
Received Import Request.
  Time since last request: 0.000066 seconds.
  path: Assets/Prefabs/Arquero/textures/Character/Cloth1_Height.png
  artifactKey: Guid(814651641b3045e40903b9cb701fde4a) Importer(815301076,1909f56bfc062723c751e8b465ee728b)
Start importing Assets/Prefabs/Arquero/textures/Character/Cloth1_Height.png using Guid(814651641b3045e40903b9cb701fde4a) Importer(815301076,1909f56bfc062723c751e8b465ee728b)  -> (artifact id: 'f5933605d0f93f3cf0d40ac1dceac7ba') in 0.015023 seconds 
========================================================================
Received Import Request.
  Time since last request: 0.000030 seconds.
  path: Assets/Prefabs/Arquero/textures/Character/Cloth1_Normal.png
  artifactKey: Guid(4d6959604c7f9ea44a7b525614b744c4) Importer(815301076,1909f56bfc062723c751e8b465ee728b)
Start importing Assets/Prefabs/Arquero/textures/Character/Cloth1_Normal.png using Guid(4d6959604c7f9ea44a7b525614b744c4) Importer(815301076,1909f56bfc062723c751e8b465ee728b)  -> (artifact id: '3dc67f84ff953544e8170b2cc03ad705') in 0.022244 seconds 
========================================================================
Received Import Request.
  Time since last request: 0.000044 seconds.
  path: Assets/Prefabs/Arquero/textures/Character/Cloth1_Metallic.png
  artifactKey: Guid(4faaf296e989908419f9027e3ed5dea6) Importer(815301076,1909f56bfc062723c751e8b465ee728b)
Start importing Assets/Prefabs/Arquero/textures/Character/Cloth1_Metallic.png using Guid(4faaf296e989908419f9027e3ed5dea6) Importer(815301076,1909f56bfc062723c751e8b465ee728b)  -> (artifact id: 'be1d57ae3b9b96c53329c24dda48aa90') in 0.014664 seconds 
========================================================================
Received Import Request.
  Time since last request: 41.299650 seconds.
  path: Assets/Prefabs/Arquero/textures/Character/Materials/Cloth1_Normal_OpenGL.mat
  artifactKey: Guid(508e7c87d4e5c9244a2618dd30526d82) Importer(815301076,1909f56bfc062723c751e8b465ee728b)
Start importing Assets/Prefabs/Arquero/textures/Character/Materials/Cloth1_Normal_OpenGL.mat using Guid(508e7c87d4e5c9244a2618dd30526d82) Importer(815301076,1909f56bfc062723c751e8b465ee728b)  -> (artifact id: '74e62b87b82787b3a90ff1c3c8fe2e65') in 0.015279 seconds 
========================================================================
Received Import Request.
  Time since last request: 0.000023 seconds.
  path: Assets/Prefabs/Arquero/textures/Character/Materials/male_casualsuit02_Height.mat
  artifactKey: Guid(0551c41286f9a184eb34713930c850a2) Importer(815301076,1909f56bfc062723c751e8b465ee728b)
Start importing Assets/Prefabs/Arquero/textures/Character/Materials/male_casualsuit02_Height.mat using Guid(0551c41286f9a184eb34713930c850a2) Importer(815301076,1909f56bfc062723c751e8b465ee728b)  -> (artifact id: '3d2e8d200928c55b10caa7cd3cd60822') in 0.018823 seconds 
========================================================================
Received Import Request.
  Time since last request: 0.000025 seconds.
  path: Assets/Prefabs/Arquero/textures/Character/Materials/middleage_lightskinned_male_diffuse2.mat
  artifactKey: Guid(364b6ce2c29745b4aa33740105adb5a9) Importer(815301076,1909f56bfc062723c751e8b465ee728b)
Start importing Assets/Prefabs/Arquero/textures/Character/Materials/middleage_lightskinned_male_diffuse2.mat using Guid(364b6ce2c29745b4aa33740105adb5a9) Importer(815301076,1909f56bfc062723c751e8b465ee728b)  -> (artifact id: '80d0ba2797bc89246cc77776d38d852e') in 0.015257 seconds 
Editor requested this worker to shutdown with reason: Scaling down because of idle timeout
AssetImportWorker is now disconnected from the server
Process exiting
Exiting without the bug reporter. Application will terminate with return code 0